# JRE version: OpenJDK Runtime Environment (17.0.10) (build 17.0.10+0--11572160)
# Java VM: OpenJDK 64-Bit Server VM (17.0.10+0--11572160, mixed mode, tiered, compressed oops, compressed class ptrs, g1 gc, windows-amd64)
GC Precious Log:
 CPUs: 4 total, 4 available
 Memory: 4027M
 Large Page Support: Disabled
 NUMA Support: Disabled
 Compressed Oops: Enabled (32-bit)
 Heap Region Size: 1M
 Heap Min Capacity: 8M
 Heap Initial Capacity: 64M
 Heap Max Capacity: 2G
 Pre-touch: Disabled
 Parallel Workers: 4
 Concurrent Workers: 1
 Concurrent Refinement Workers: 4
 Periodic GC: Disabled
Heap:
 garbage-first heap   total 171008K, used 151065K [0x0000000080000000, 0x0000000100000000)
  region size 1024K, 10 young (10240K), 1 survivors (1024K)
 Metaspace       used 92959K, committed 93824K, reserved 1179648K
  class space    used 12944K, committed 13376K, reserved 1048576K
GC Heap History (20 events):
Event: 61.923 GC heap after
{Heap after GC invocations=58 (full 0):
 garbage-first heap   total 153600K, used 91057K [0x0000000080000000, 0x0000000100000000)
  region size 1024K, 1 young (1024K), 1 survivors (1024K)
 Metaspace       used 75294K, committed 76032K, reserved 1179648K
  class space    used 10179K, committed 10496K, reserved 1048576K
}
Event: 65.140 GC heap before
{Heap before GC invocations=58 (full 0):
 garbage-first heap   total 153600K, used 123825K [0x0000000080000000, 0x0000000100000000)
  region size 1024K, 33 young (33792K), 1 survivors (1024K)
 Metaspace       used 78999K, committed 79744K, reserved 1179648K
  class space    used 10721K, committed 11072K, reserved 1048576K
}
Event: 65.148 GC heap after
{Heap after GC invocations=59 (full 0):
 garbage-first heap   total 153600K, used 91797K [0x0000000080000000, 0x0000000100000000)
  region size 1024K, 2 young (2048K), 2 survivors (2048K)
 Metaspace       used 78999K, committed 79744K, reserved 1179648K
  class space    used 10721K, committed 11072K, reserved 1048576K
}
Event: 70.720 GC heap before
{Heap before GC invocations=59 (full 0):
 garbage-first heap   total 153600K, used 125589K [0x0000000080000000, 0x0000000100000000)
  region size 1024K, 35 young (35840K), 2 survivors (2048K)
 Metaspace       used 81065K, committed 81792K, reserved 1179648K
  class space    used 10989K, committed 11328K, reserved 1048576K
}
Event: 70.729 GC heap after
{Heap after GC invocations=60 (full 0):
 garbage-first heap   total 153600K, used 93177K [0x0000000080000000, 0x0000000100000000)
  region size 1024K, 3 young (3072K), 3 survivors (3072K)
 Metaspace       used 81065K, committed 81792K, reserved 1179648K
  class space    used 10989K, committed 11328K, reserved 1048576K
}
Event: 79.977 GC heap before
{Heap before GC invocations=60 (full 0):
 garbage-first heap   total 153600K, used 127993K [0x0000000080000000, 0x0000000100000000)
  region size 1024K, 36 young (36864K), 3 survivors (3072K)
 Metaspace       used 83248K, committed 83968K, reserved 1179648K
  class space    used 11322K, committed 11648K, reserved 1048576K
}
Event: 80.000 GC heap after
{Heap after GC invocations=61 (full 0):
 garbage-first heap   total 153600K, used 94201K [0x0000000080000000, 0x0000000100000000)
  region size 1024K, 4 young (4096K), 4 survivors (4096K)
 Metaspace       used 83248K, committed 83968K, reserved 1179648K
  class space    used 11322K, committed 11648K, reserved 1048576K
}
Event: 84.346 GC heap before
{Heap before GC invocations=61 (full 0):
 garbage-first heap   total 153600K, used 129017K [0x0000000080000000, 0x0000000100000000)
  region size 1024K, 38 young (38912K), 4 survivors (4096K)
 Metaspace       used 85670K, committed 86400K, reserved 1179648K
  class space    used 11823K, committed 12160K, reserved 1048576K
}
Event: 84.358 GC heap after
{Heap after GC invocations=62 (full 0):
 garbage-first heap   total 153600K, used 95570K [0x0000000080000000, 0x0000000100000000)
  region size 1024K, 4 young (4096K), 4 survivors (4096K)
 Metaspace       used 85670K, committed 86400K, reserved 1179648K
  class space    used 11823K, committed 12160K, reserved 1048576K
}
Event: 91.504 GC heap before
{Heap before GC invocations=62 (full 0):
 garbage-first heap   total 153600K, used 130386K [0x0000000080000000, 0x0000000100000000)
  region size 1024K, 38 young (38912K), 4 survivors (4096K)
 Metaspace       used 88199K, committed 88960K, reserved 1179648K
  class space    used 12190K, committed 12544K, reserved 1048576K
}
Event: 91.532 GC heap after
{Heap after GC invocations=63 (full 0):
 garbage-first heap   total 153600K, used 97194K [0x0000000080000000, 0x0000000100000000)
  region size 1024K, 4 young (4096K), 4 survivors (4096K)
 Metaspace       used 88199K, committed 88960K, reserved 1179648K
  class space    used 12190K, committed 12544K, reserved 1048576K
}
Event: 94.941 GC heap before
{Heap before GC invocations=63 (full 0):
 garbage-first heap   total 153600K, used 102314K [0x0000000080000000, 0x0000000100000000)
  region size 1024K, 10 young (10240K), 4 survivors (4096K)
 Metaspace       used 88823K, committed 89600K, reserved 1179648K
  class space    used 12259K, committed 12608K, reserved 1048576K
}
Event: 94.953 GC heap after
{Heap after GC invocations=64 (full 0):
 garbage-first heap   total 153600K, used 97934K [0x0000000080000000, 0x0000000100000000)
  region size 1024K, 3 young (3072K), 3 survivors (3072K)
 Metaspace       used 88823K, committed 89600K, reserved 1179648K
  class space    used 12259K, committed 12608K, reserved 1048576K
}
Event: 108.231 GC heap before
{Heap before GC invocations=65 (full 0):
 garbage-first heap   total 171008K, used 162446K [0x0000000080000000, 0x0000000100000000)
  region size 1024K, 29 young (29696K), 3 survivors (3072K)
 Metaspace       used 91593K, committed 92416K, reserved 1179648K
  class space    used 12719K, committed 13056K, reserved 1048576K
}
Event: 108.257 GC heap after
{Heap after GC invocations=66 (full 0):
 garbage-first heap   total 171008K, used 141294K [0x0000000080000000, 0x0000000100000000)
  region size 1024K, 5 young (5120K), 5 survivors (5120K)
 Metaspace       used 91593K, committed 92416K, reserved 1179648K
  class space    used 12719K, committed 13056K, reserved 1048576K
}
Event: 108.675 GC heap before
{Heap before GC invocations=66 (full 0):
 garbage-first heap   total 171008K, used 144366K [0x0000000080000000, 0x0000000100000000)
  region size 1024K, 8 young (8192K), 5 survivors (5120K)
 Metaspace       used 91803K, committed 92608K, reserved 1179648K
  class space    used 12757K, committed 13120K, reserved 1048576K
}
Event: 108.700 GC heap after
{Heap after GC invocations=67 (full 0):
 garbage-first heap   total 171008K, used 141629K [0x0000000080000000, 0x0000000100000000)
  region size 1024K, 1 young (1024K), 1 survivors (1024K)
 Metaspace       used 91803K, committed 92608K, reserved 1179648K
  class space    used 12757K, committed 13120K, reserved 1048576K
}
Event: 109.484 GC heap before
{Heap before GC invocations=67 (full 0):
 garbage-first heap   total 171008K, used 150845K [0x0000000080000000, 0x0000000100000000)
  region size 1024K, 10 young (10240K), 1 survivors (1024K)
 Metaspace       used 92452K, committed 93248K, reserved 1179648K
  class space    used 12864K, committed 13248K, reserved 1048576K
}
Event: 109.491 GC heap after
{Heap after GC invocations=68 (full 0):
 garbage-first heap   total 171008K, used 141849K [0x0000000080000000, 0x0000000100000000)
  region size 1024K, 1 young (1024K), 1 survivors (1024K)
 Metaspace       used 92452K, committed 93248K, reserved 1179648K
  class space    used 12864K, committed 13248K, reserved 1048576K
}
Event: 110.012 GC heap before
{Heap before GC invocations=68 (full 0):
 garbage-first heap   total 171008K, used 151065K [0x0000000080000000, 0x0000000100000000)
  region size 1024K, 10 young (10240K), 1 survivors (1024K)
 Metaspace       used 92959K, committed 93824K, reserved 1179648K
  class space    used 12944K, committed 13376K, reserved 1048576K
}

