# JRE version: OpenJDK Runtime Environment (17.0.10) (build 17.0.10+0--11572160)
# Java VM: OpenJDK 64-Bit Server VM (17.0.10+0--11572160, mixed mode, tiered, compressed oops, compressed class ptrs, g1 gc, windows-amd64)
GC Precious Log:
 CPUs: 4 total, 4 available
 Memory: 4027M
 Large Page Support: Disabled
 NUMA Support: Disabled
 Compressed Oops: Enabled (32-bit)
 Heap Region Size: 1M
 Heap Min Capacity: 8M
 Heap Initial Capacity: 64M
 Heap Max Capacity: 2G
 Pre-touch: Disabled
 Parallel Workers: 4
 Concurrent Workers: 1
 Concurrent Refinement Workers: 4
 Periodic GC: Disabled
Heap:
 garbage-first heap   total 191488K, used 122119K [0x0000000080000000, 0x0000000100000000)
  region size 1024K, 5 young (5120K), 4 survivors (4096K)
 Metaspace       used 89537K, committed 90304K, reserved 1179648K
  class space    used 12341K, committed 12672K, reserved 1048576K
GC Heap History (20 events):
Event: 155.600 GC heap before
{Heap before GC invocations=64 (full 0):
 garbage-first heap   total 165888K, used 114264K [0x0000000080000000, 0x0000000100000000)
  region size 1024K, 23 young (23552K), 1 survivors (1024K)
 Metaspace       used 72721K, committed 73472K, reserved 1114112K
  class space    used 9844K, committed 10176K, reserved 1048576K
}
Event: 155.607 GC heap after
{Heap after GC invocations=65 (full 0):
 garbage-first heap   total 165888K, used 90940K [0x0000000080000000, 0x0000000100000000)
  region size 1024K, 3 young (3072K), 3 survivors (3072K)
 Metaspace       used 72721K, committed 73472K, reserved 1114112K
  class space    used 9844K, committed 10176K, reserved 1048576K
}
Event: 158.079 GC heap before
{Heap before GC invocations=65 (full 0):
 garbage-first heap   total 165888K, used 124732K [0x0000000080000000, 0x0000000100000000)
  region size 1024K, 37 young (37888K), 3 survivors (3072K)
 Metaspace       used 75181K, committed 75904K, reserved 1179648K
  class space    used 10164K, committed 10496K, reserved 1048576K
}
Event: 158.088 GC heap after
{Heap after GC invocations=66 (full 0):
 garbage-first heap   total 165888K, used 92790K [0x0000000080000000, 0x0000000100000000)
  region size 1024K, 4 young (4096K), 4 survivors (4096K)
 Metaspace       used 75181K, committed 75904K, reserved 1179648K
  class space    used 10164K, committed 10496K, reserved 1048576K
}
Event: 160.498 GC heap before
{Heap before GC invocations=67 (full 0):
 garbage-first heap   total 165888K, used 129654K [0x0000000080000000, 0x0000000100000000)
  region size 1024K, 41 young (41984K), 4 survivors (4096K)
 Metaspace       used 79376K, committed 80128K, reserved 1179648K
  class space    used 10756K, committed 11136K, reserved 1048576K
}
Event: 160.510 GC heap after
{Heap after GC invocations=68 (full 0):
 garbage-first heap   total 165888K, used 92096K [0x0000000080000000, 0x0000000100000000)
  region size 1024K, 4 young (4096K), 4 survivors (4096K)
 Metaspace       used 79376K, committed 80128K, reserved 1179648K
  class space    used 10756K, committed 11136K, reserved 1048576K
}
Event: 163.091 GC heap before
{Heap before GC invocations=68 (full 0):
 garbage-first heap   total 165888K, used 132032K [0x0000000080000000, 0x0000000100000000)
  region size 1024K, 43 young (44032K), 4 survivors (4096K)
 Metaspace       used 81756K, committed 82432K, reserved 1179648K
  class space    used 11082K, committed 11392K, reserved 1048576K
}
Event: 163.106 GC heap after
{Heap after GC invocations=69 (full 0):
 garbage-first heap   total 165888K, used 93731K [0x0000000080000000, 0x0000000100000000)
  region size 1024K, 5 young (5120K), 5 survivors (5120K)
 Metaspace       used 81756K, committed 82432K, reserved 1179648K
  class space    used 11082K, committed 11392K, reserved 1048576K
}
Event: 163.629 GC heap before
{Heap before GC invocations=70 (full 0):
 garbage-first heap   total 165888K, used 100899K [0x0000000080000000, 0x0000000100000000)
  region size 1024K, 13 young (13312K), 5 survivors (5120K)
 Metaspace       used 82173K, committed 82880K, reserved 1179648K
  class space    used 11140K, committed 11456K, reserved 1048576K
}
Event: 163.642 GC heap after
{Heap after GC invocations=71 (full 0):
 garbage-first heap   total 165888K, used 94528K [0x0000000080000000, 0x0000000100000000)
  region size 1024K, 4 young (4096K), 4 survivors (4096K)
 Metaspace       used 82173K, committed 82880K, reserved 1179648K
  class space    used 11140K, committed 11456K, reserved 1048576K
}
Event: 167.980 GC heap before
{Heap before GC invocations=72 (full 0):
 garbage-first heap   total 171008K, used 138560K [0x0000000080000000, 0x0000000100000000)
  region size 1024K, 46 young (47104K), 4 survivors (4096K)
 Metaspace       used 85095K, committed 85824K, reserved 1179648K
  class space    used 11719K, committed 12032K, reserved 1048576K
}
Event: 167.993 GC heap after
{Heap after GC invocations=73 (full 0):
 garbage-first heap   total 171008K, used 95363K [0x0000000080000000, 0x0000000100000000)
  region size 1024K, 4 young (4096K), 4 survivors (4096K)
 Metaspace       used 85095K, committed 85824K, reserved 1179648K
  class space    used 11719K, committed 12032K, reserved 1048576K
}
Event: 173.295 GC heap before
{Heap before GC invocations=73 (full 0):
 garbage-first heap   total 171008K, used 142467K [0x0000000080000000, 0x0000000100000000)
  region size 1024K, 50 young (51200K), 4 survivors (4096K)
 Metaspace       used 88614K, committed 89408K, reserved 1179648K
  class space    used 12226K, committed 12608K, reserved 1048576K
}
Event: 173.321 GC heap after
{Heap after GC invocations=74 (full 0):
 garbage-first heap   total 171008K, used 97422K [0x0000000080000000, 0x0000000100000000)
  region size 1024K, 6 young (6144K), 6 survivors (6144K)
 Metaspace       used 88614K, committed 89408K, reserved 1179648K
  class space    used 12226K, committed 12608K, reserved 1048576K
}
Event: 173.798 GC heap before
{Heap before GC invocations=75 (full 0):
 garbage-first heap   total 171008K, used 98446K [0x0000000080000000, 0x0000000100000000)
  region size 1024K, 8 young (8192K), 6 survivors (6144K)
 Metaspace       used 88860K, committed 89664K, reserved 1179648K
  class space    used 12260K, committed 12608K, reserved 1048576K
}
Event: 173.826 GC heap after
{Heap after GC invocations=76 (full 0):
 garbage-first heap   total 171008K, used 97807K [0x0000000080000000, 0x0000000100000000)
  region size 1024K, 4 young (4096K), 4 survivors (4096K)
 Metaspace       used 88860K, committed 89664K, reserved 1179648K
  class space    used 12260K, committed 12608K, reserved 1048576K
}
Event: 174.370 GC heap before
{Heap before GC invocations=77 (full 0):
 garbage-first heap   total 171008K, used 103951K [0x0000000080000000, 0x0000000100000000)
  region size 1024K, 9 young (9216K), 4 survivors (4096K)
 Metaspace       used 89537K, committed 90304K, reserved 1179648K
  class space    used 12341K, committed 12672K, reserved 1048576K
}
Event: 174.390 GC heap after
{Heap after GC invocations=78 (full 0):
 garbage-first heap   total 171008K, used 99951K [0x0000000080000000, 0x0000000100000000)
  region size 1024K, 4 young (4096K), 4 survivors (4096K)
 Metaspace       used 89537K, committed 90304K, reserved 1179648K
  class space    used 12341K, committed 12672K, reserved 1048576K
}
Event: 174.696 GC heap before
{Heap before GC invocations=79 (full 0):
 garbage-first heap   total 191488K, used 113263K [0x0000000080000000, 0x0000000100000000)
  region size 1024K, 5 young (5120K), 4 survivors (4096K)
 Metaspace       used 89537K, committed 90304K, reserved 1179648K
  class space    used 12341K, committed 12672K, reserved 1048576K
}
Event: 174.710 GC heap after
{Heap after GC invocations=80 (full 0):
 garbage-first heap   total 191488K, used 113927K [0x0000000080000000, 0x0000000100000000)
  region size 1024K, 4 young (4096K), 4 survivors (4096K)
 Metaspace       used 89537K, committed 90304K, reserved 1179648K
  class space    used 12341K, committed 12672K, reserved 1048576K
}

