# JRE version: OpenJDK Runtime Environment (17.0.10) (build 17.0.10+0--11572160)
# Java VM: OpenJDK 64-Bit Server VM (17.0.10+0--11572160, mixed mode, tiered, compressed oops, compressed class ptrs, g1 gc, windows-amd64)
GC Precious Log:
 CPUs: 4 total, 4 available
 Memory: 4027M
 Large Page Support: Disabled
 NUMA Support: Disabled
 Compressed Oops: Enabled (32-bit)
 Heap Region Size: 1M
 Heap Min Capacity: 8M
 Heap Initial Capacity: 64M
 Heap Max Capacity: 2G
 Pre-touch: Disabled
 Parallel Workers: 4
 Concurrent Workers: 1
 Concurrent Refinement Workers: 4
 Periodic GC: Disabled
Heap:
 garbage-first heap   total 229376K, used 107995K [0x0000000080000000, 0x0000000100000000)
  region size 1024K, 18 young (18432K), 7 survivors (7168K)
 Metaspace       used 87975K, committed 88768K, reserved 1179648K
  class space    used 12133K, committed 12480K, reserved 1048576K
GC Heap History (20 events):
Event: 486.301 GC heap before
{Heap before GC invocations=43 (full 0):
 garbage-first heap   total 133120K, used 60890K [0x0000000080000000, 0x0000000100000000)
  region size 1024K, 15 young (15360K), 3 survivors (3072K)
 Metaspace       used 46644K, committed 47104K, reserved 1114112K
  class space    used 6179K, committed 6400K, reserved 1048576K
}
Event: 486.315 GC heap after
{Heap after GC invocations=44 (full 0):
 garbage-first heap   total 133120K, used 44432K [0x0000000080000000, 0x0000000100000000)
  region size 1024K, 2 young (2048K), 2 survivors (2048K)
 Metaspace       used 46644K, committed 47104K, reserved 1114112K
  class space    used 6179K, committed 6400K, reserved 1048576K
}
Event: 505.734 GC heap before
{Heap before GC invocations=44 (full 0):
 garbage-first heap   total 133120K, used 82320K [0x0000000080000000, 0x0000000100000000)
  region size 1024K, 39 young (39936K), 2 survivors (2048K)
 Metaspace       used 50540K, committed 51008K, reserved 1114112K
  class space    used 6803K, committed 7040K, reserved 1048576K
}
Event: 505.745 GC heap after
{Heap after GC invocations=45 (full 0):
 garbage-first heap   total 133120K, used 46790K [0x0000000080000000, 0x0000000100000000)
  region size 1024K, 4 young (4096K), 4 survivors (4096K)
 Metaspace       used 50540K, committed 51008K, reserved 1114112K
  class space    used 6803K, committed 7040K, reserved 1048576K
}
Event: 516.755 GC heap before
{Heap before GC invocations=45 (full 0):
 garbage-first heap   total 133120K, used 92870K [0x0000000080000000, 0x0000000100000000)
  region size 1024K, 36 young (36864K), 4 survivors (4096K)
 Metaspace       used 53107K, committed 53696K, reserved 1114112K
  class space    used 7048K, committed 7360K, reserved 1048576K
}
Event: 516.838 GC heap after
{Heap after GC invocations=46 (full 0):
 garbage-first heap   total 133120K, used 62794K [0x0000000080000000, 0x0000000100000000)
  region size 1024K, 5 young (5120K), 5 survivors (5120K)
 Metaspace       used 53107K, committed 53696K, reserved 1114112K
  class space    used 7048K, committed 7360K, reserved 1048576K
}
Event: 520.353 GC heap before
{Heap before GC invocations=46 (full 0):
 garbage-first heap   total 133120K, used 91466K [0x0000000080000000, 0x0000000100000000)
  region size 1024K, 33 young (33792K), 5 survivors (5120K)
 Metaspace       used 56299K, committed 56896K, reserved 1114112K
  class space    used 7586K, committed 7872K, reserved 1048576K
}
Event: 520.645 GC heap after
{Heap after GC invocations=47 (full 0):
 garbage-first heap   total 133120K, used 64206K [0x0000000080000000, 0x0000000100000000)
  region size 1024K, 2 young (2048K), 2 survivors (2048K)
 Metaspace       used 56299K, committed 56896K, reserved 1114112K
  class space    used 7586K, committed 7872K, reserved 1048576K
}
Event: 526.975 GC heap before
{Heap before GC invocations=47 (full 0):
 garbage-first heap   total 133120K, used 79566K [0x0000000080000000, 0x0000000100000000)
  region size 1024K, 18 young (18432K), 2 survivors (2048K)
 Metaspace       used 57764K, committed 58368K, reserved 1114112K
  class space    used 7829K, committed 8128K, reserved 1048576K
}
Event: 526.990 GC heap after
{Heap after GC invocations=48 (full 0):
 garbage-first heap   total 251904K, used 65376K [0x0000000080000000, 0x0000000100000000)
  region size 1024K, 3 young (3072K), 3 survivors (3072K)
 Metaspace       used 57764K, committed 58368K, reserved 1114112K
  class space    used 7829K, committed 8128K, reserved 1048576K
}
Event: 540.772 GC heap before
{Heap before GC invocations=49 (full 0):
 garbage-first heap   total 229376K, used 107360K [0x0000000080000000, 0x0000000100000000)
  region size 1024K, 44 young (45056K), 3 survivors (3072K)
 Metaspace       used 61119K, committed 61824K, reserved 1114112K
  class space    used 8364K, committed 8704K, reserved 1048576K
}
Event: 540.792 GC heap after
{Heap after GC invocations=50 (full 0):
 garbage-first heap   total 229376K, used 69094K [0x0000000080000000, 0x0000000100000000)
  region size 1024K, 6 young (6144K), 6 survivors (6144K)
 Metaspace       used 61119K, committed 61824K, reserved 1114112K
  class space    used 8364K, committed 8704K, reserved 1048576K
}
Event: 548.494 GC heap before
{Heap before GC invocations=50 (full 0):
 garbage-first heap   total 229376K, used 108006K [0x0000000080000000, 0x0000000100000000)
  region size 1024K, 41 young (41984K), 6 survivors (6144K)
 Metaspace       used 61990K, committed 62720K, reserved 1114112K
  class space    used 8450K, committed 8768K, reserved 1048576K
}
Event: 548.547 GC heap after
{Heap after GC invocations=51 (full 0):
 garbage-first heap   total 229376K, used 78231K [0x0000000080000000, 0x0000000100000000)
  region size 1024K, 5 young (5120K), 5 survivors (5120K)
 Metaspace       used 61990K, committed 62720K, reserved 1114112K
  class space    used 8450K, committed 8768K, reserved 1048576K
}
Event: 556.340 GC heap before
{Heap before GC invocations=51 (full 0):
 garbage-first heap   total 229376K, used 122263K [0x0000000080000000, 0x0000000100000000)
  region size 1024K, 45 young (46080K), 5 survivors (5120K)
 Metaspace       used 64801K, committed 65536K, reserved 1114112K
  class space    used 8827K, committed 9152K, reserved 1048576K
}
Event: 556.351 GC heap after
{Heap after GC invocations=52 (full 0):
 garbage-first heap   total 229376K, used 83713K [0x0000000080000000, 0x0000000100000000)
  region size 1024K, 3 young (3072K), 3 survivors (3072K)
 Metaspace       used 64801K, committed 65536K, reserved 1114112K
  class space    used 8827K, committed 9152K, reserved 1048576K
}
Event: 564.019 GC heap before
{Heap before GC invocations=52 (full 0):
 garbage-first heap   total 229376K, used 186113K [0x0000000080000000, 0x0000000100000000)
  region size 1024K, 98 young (100352K), 3 survivors (3072K)
 Metaspace       used 73433K, committed 74112K, reserved 1114112K
  class space    used 9931K, committed 10240K, reserved 1048576K
}
Event: 564.043 GC heap after
{Heap after GC invocations=53 (full 0):
 garbage-first heap   total 229376K, used 90589K [0x0000000080000000, 0x0000000100000000)
  region size 1024K, 9 young (9216K), 9 survivors (9216K)
 Metaspace       used 73433K, committed 74112K, reserved 1114112K
  class space    used 9931K, committed 10240K, reserved 1048576K
}
Event: 569.774 GC heap before
{Heap before GC invocations=53 (full 0):
 garbage-first heap   total 229376K, used 182749K [0x0000000080000000, 0x0000000100000000)
  region size 1024K, 99 young (101376K), 9 survivors (9216K)
 Metaspace       used 81006K, committed 81792K, reserved 1179648K
  class space    used 10957K, committed 11328K, reserved 1048576K
}
Event: 569.797 GC heap after
{Heap after GC invocations=54 (full 0):
 garbage-first heap   total 229376K, used 94663K [0x0000000080000000, 0x0000000100000000)
  region size 1024K, 10 young (10240K), 10 survivors (10240K)
 Metaspace       used 81006K, committed 81792K, reserved 1179648K
  class space    used 10957K, committed 11328K, reserved 1048576K
}

